[1.425s] Invoking command in '/home/keime/rosj_ws/src/joy_translate': PYTHONPATH=/home/keime/rosj_ws/build/joy_translate/prefix_override:/home/keime/rosj_ws/install/joy_translate/lib/python3.10/site-packages:${PYTHONPATH} /usr/bin/python3 -W ignore:setup.py install is deprecated setup.py egg_info --egg-base ../../build/joy_translate build --build-base /home/keime/rosj_ws/build/joy_translate/build install --record /home/keime/rosj_ws/build/joy_translate/install.log --single-version-externally-managed install_data
[1.969s] running egg_info
[1.970s] writing ../../build/joy_translate/joy_translate.egg-info/PKG-INFO
[1.970s] writing dependency_links to ../../build/joy_translate/joy_translate.egg-info/dependency_links.txt
[1.971s] writing entry points to ../../build/joy_translate/joy_translate.egg-info/entry_points.txt
[1.971s] writing requirements to ../../build/joy_translate/joy_translate.egg-info/requires.txt
[1.972s] writing top-level names to ../../build/joy_translate/joy_translate.egg-info/top_level.txt
[1.975s] reading manifest file '../../build/joy_translate/joy_translate.egg-info/SOURCES.txt'
[1.977s] writing manifest file '../../build/joy_translate/joy_translate.egg-info/SOURCES.txt'
[1.977s] running build
[1.978s] running build_py
[1.978s] running install
[1.979s] running install_lib
[1.981s] running install_data
[1.982s] running install_egg_info
[1.985s] removing '/home/keime/rosj_ws/install/joy_translate/lib/python3.10/site-packages/joy_translate-0.0.0-py3.10.egg-info' (and everything under it)
[1.985s] Copying ../../build/joy_translate/joy_translate.egg-info to /home/keime/rosj_ws/install/joy_translate/lib/python3.10/site-packages/joy_translate-0.0.0-py3.10.egg-info
[1.987s] running install_scripts
[2.030s] Installing joy_translate_node script to /home/keime/rosj_ws/install/joy_translate/lib/joy_translate
[2.030s] writing list of installed files to '/home/keime/rosj_ws/build/joy_translate/install.log'
[2.082s] Invoked command in '/home/keime/rosj_ws/src/joy_translate' returned '0': PYTHONPATH=/home/keime/rosj_ws/build/joy_translate/prefix_override:/home/keime/rosj_ws/install/joy_translate/lib/python3.10/site-packages:${PYTHONPATH} /usr/bin/python3 -W ignore:setup.py install is deprecated setup.py egg_info --egg-base ../../build/joy_translate build --build-base /home/keime/rosj_ws/build/joy_translate/build install --record /home/keime/rosj_ws/build/joy_translate/install.log --single-version-externally-managed install_data
